<?xml version="1.0" encoding="UTF-8"?>
<!-- Generated by org.testng.reporters.JUnitXMLReporter -->
<testsuite ignored="0" hostname="LAPTOP-UOFUHLAP" failures="0" tests="5" name="ChromeTests" time="11.69" errors="0" timestamp="2024-08-25T04:30:43 IST">
  <testcase classname="Tests.HomePage" name="checkLogoExists" time="0.038"/>
  <testcase classname="Tests.HomePage" name="validateText1" time="0.054"/>
  <testcase classname="Tests.HomePage" name="validateText2" time="0.12"/>
  <testcase classname="Tests.HomePage" name="validateText3" time="0.046"/>
  <testcase classname="Tests.HomePage" name="validateText4" time="0.047"/>
</testsuite> <!-- ChromeTests -->
