<?xml version="1.0" encoding="UTF-8"?>
<!-- Generated by org.testng.reporters.JUnitXMLReporter -->
<testsuite ignored="0" hostname="LAPTOP-UOFUHLAP" failures="0" tests="5" name="EdgeTests" time="12.0" errors="0" timestamp="2024-08-25T04:30:43 IST">
  <testcase classname="Tests.HomePage" name="checkLogoExists" time="0.093"/>
  <testcase classname="Tests.HomePage" name="validateText1" time="0.055"/>
  <testcase classname="Tests.HomePage" name="validateText2" time="0.037"/>
  <testcase classname="Tests.HomePage" name="validateText3" time="0.03"/>
  <testcase classname="Tests.HomePage" name="validateText4" time="0.032"/>
</testsuite> <!-- EdgeTests -->
