<?xml version="1.0" encoding="UTF-8"?>
<!-- Generated by org.testng.reporters.JUnitXMLReporter -->
<testsuite ignored="0" hostname="LAPTOP-UOFUHLAP" failures="0" tests="4" name="EdgeTests" time="12.395" errors="0" timestamp="2024-08-25T04:27:34 IST">
  <testcase classname="Tests.HomePage" name="checkLogoExists" time="0.038"/>
  <testcase classname="Tests.HomePage" name="validateText1" time="0.038"/>
  <testcase classname="Tests.HomePage" name="validateText2" time="0.029"/>
  <testcase classname="Tests.HomePage" name="validateText3" time="0.034"/>
</testsuite> <!-- EdgeTests -->
