<?xml version="1.0" encoding="UTF-8"?>
<!-- Generated by org.testng.reporters.JUnitXMLReporter -->
<testsuite ignored="0" hostname="LAPTOP-UOFUHLAP" failures="0" tests="5" name="FirefoxTests" time="15.368" errors="0" timestamp="2024-08-25T04:30:47 IST">
  <testcase classname="Tests.HomePage" name="checkLogoExists" time="0.049"/>
  <testcase classname="Tests.HomePage" name="validateText1" time="0.029"/>
  <testcase classname="Tests.HomePage" name="validateText2" time="0.022"/>
  <testcase classname="Tests.HomePage" name="validateText3" time="0.021"/>
  <testcase classname="Tests.HomePage" name="validateText4" time="0.019"/>
</testsuite> <!-- FirefoxTests -->
