<?xml version="1.0" encoding="UTF-8"?>
<!-- Generated by org.testng.reporters.JUnitXMLReporter -->
<testsuite ignored="0" hostname="LAPTOP-UOFUHLAP" failures="0" tests="4" name="FirefoxTests" time="15.767" errors="0" timestamp="2024-08-25T04:27:37 IST">
  <testcase classname="Tests.HomePage" name="checkLogoExists" time="0.043"/>
  <testcase classname="Tests.HomePage" name="validateText1" time="0.038"/>
  <testcase classname="Tests.HomePage" name="validateText2" time="0.027"/>
  <testcase classname="Tests.HomePage" name="validateText3" time="0.019"/>
</testsuite> <!-- FirefoxTests -->
