<?xml version="1.0" encoding="UTF-8"?>
<testng-results ignored="0" total="3" passed="3" failed="0" skipped="0">
  <reporter-output>
  </reporter-output>
  <suite started-at="2024-08-25T03:30:07 IST" name="Adstia_Testing_Suite" finished-at="2024-08-25T03:30:21 IST" duration-ms="13792">
    <groups>
    </groups>
    <test started-at="2024-08-25T03:30:07 IST" name="EdgeTests" finished-at="2024-08-25T03:30:16 IST" duration-ms="8879">
      <class name="Tests.HomePage">
        <test-method is-config="true" signature="launchBrowser(java.lang.String)[pri:0, instance:Tests.HomePage@3f197a46]" started-at="2024-08-25T03:30:07 IST" name="launchBrowser" finished-at="2024-08-25T03:30:14 IST" duration-ms="7460" status="PASS">
          <params>
            <param index="0">
              <value>
                <![CDATA[edge]]>
              </value>
            </param>
          </params>
          <reporter-output>
          </reporter-output>
        </test-method> <!-- launchBrowser -->
        <test-method signature="checkLogoExists()[pri:1, instance:Tests.HomePage@3f197a46]" started-at="2024-08-25T03:30:14 IST" name="checkLogoExists" finished-at="2024-08-25T03:30:15 IST" duration-ms="98" status="PASS">
          <reporter-output>
          </reporter-output>
        </test-method> <!-- checkLogoExists -->
        <test-method is-config="true" signature="tearDown()[pri:0, instance:Tests.HomePage@3f197a46]" started-at="2024-08-25T03:30:15 IST" name="tearDown" finished-at="2024-08-25T03:30:16 IST" duration-ms="1275" status="PASS">
          <reporter-output>
          </reporter-output>
        </test-method> <!-- tearDown -->
      </class> <!-- Tests.HomePage -->
    </test> <!-- EdgeTests -->
    <test started-at="2024-08-25T03:30:07 IST" name="ChromeTests" finished-at="2024-08-25T03:30:18 IST" duration-ms="10743">
      <class name="Tests.HomePage">
        <test-method is-config="true" signature="launchBrowser(java.lang.String)[pri:0, instance:Tests.HomePage@bef2d72]" started-at="2024-08-25T03:30:07 IST" name="launchBrowser" finished-at="2024-08-25T03:30:17 IST" duration-ms="10400" status="PASS">
          <params>
            <param index="0">
              <value>
                <![CDATA[chrome]]>
              </value>
            </param>
          </params>
          <reporter-output>
          </reporter-output>
        </test-method> <!-- launchBrowser -->
        <test-method signature="checkLogoExists()[pri:1, instance:Tests.HomePage@bef2d72]" started-at="2024-08-25T03:30:17 IST" name="checkLogoExists" finished-at="2024-08-25T03:30:17 IST" duration-ms="55" status="PASS">
          <reporter-output>
          </reporter-output>
        </test-method> <!-- checkLogoExists -->
        <test-method is-config="true" signature="tearDown()[pri:0, instance:Tests.HomePage@bef2d72]" started-at="2024-08-25T03:30:17 IST" name="tearDown" finished-at="2024-08-25T03:30:18 IST" duration-ms="264" status="PASS">
          <reporter-output>
          </reporter-output>
        </test-method> <!-- tearDown -->
      </class> <!-- Tests.HomePage -->
    </test> <!-- ChromeTests -->
    <test started-at="2024-08-25T03:30:07 IST" name="FirefoxTests" finished-at="2024-08-25T03:30:21 IST" duration-ms="13792">
      <class name="Tests.HomePage">
        <test-method is-config="true" signature="launchBrowser(java.lang.String)[pri:0, instance:Tests.HomePage@7a69b07]" started-at="2024-08-25T03:30:07 IST" name="launchBrowser" finished-at="2024-08-25T03:30:20 IST" duration-ms="12818" status="PASS">
          <params>
            <param index="0">
              <value>
                <![CDATA[firefox]]>
              </value>
            </param>
          </params>
          <reporter-output>
          </reporter-output>
        </test-method> <!-- launchBrowser -->
        <test-method signature="checkLogoExists()[pri:1, instance:Tests.HomePage@7a69b07]" started-at="2024-08-25T03:30:20 IST" name="checkLogoExists" finished-at="2024-08-25T03:30:20 IST" duration-ms="45" status="PASS">
          <reporter-output>
          </reporter-output>
        </test-method> <!-- checkLogoExists -->
        <test-method is-config="true" signature="tearDown()[pri:0, instance:Tests.HomePage@7a69b07]" started-at="2024-08-25T03:30:20 IST" name="tearDown" finished-at="2024-08-25T03:30:21 IST" duration-ms="910" status="PASS">
          <reporter-output>
          </reporter-output>
        </test-method> <!-- tearDown -->
      </class> <!-- Tests.HomePage -->
    </test> <!-- FirefoxTests -->
  </suite> <!-- Adstia_Testing_Suite -->
</testng-results>
