<?xml version="1.0" encoding="UTF-8"?>
<testng-results ignored="0" total="15" passed="15" failed="0" skipped="0">
  <reporter-output>
  </reporter-output>
  <suite started-at="2024-08-25T04:30:31 IST" name="Adstia_Testing_Suite" finished-at="2024-08-25T04:30:47 IST" duration-ms="15368">
    <groups>
    </groups>
    <test started-at="2024-08-25T04:30:31 IST" name="ChromeTests" finished-at="2024-08-25T04:30:43 IST" duration-ms="11690">
      <class name="Tests.HomePage">
        <test-method is-config="true" signature="launchBrowser(java.lang.String)[pri:0, instance:Tests.HomePage@1d119efb]" started-at="2024-08-25T04:30:31 IST" name="launchBrowser" finished-at="2024-08-25T04:30:42 IST" duration-ms="10991" status="PASS">
          <params>
            <param index="0">
              <value>
                <![CDATA[chrome]]>
              </value>
            </param>
          </params>
          <reporter-output>
          </reporter-output>
        </test-method> <!-- launchBrowser -->
        <test-method signature="checkLogoExists()[pri:1, instance:Tests.HomePage@1d119efb]" started-at="2024-08-25T04:30:42 IST" name="checkLogoExists" finished-at="2024-08-25T04:30:42 IST" duration-ms="38" status="PASS">
          <reporter-output>
          </reporter-output>
        </test-method> <!-- checkLogoExists -->
        <test-method signature="validateText1()[pri:2, instance:Tests.HomePage@1d119efb]" started-at="2024-08-25T04:30:42 IST" name="validateText1" finished-at="2024-08-25T04:30:42 IST" duration-ms="54" status="PASS">
          <reporter-output>
          </reporter-output>
        </test-method> <!-- validateText1 -->
        <test-method signature="validateText2()[pri:3, instance:Tests.HomePage@1d119efb]" started-at="2024-08-25T04:30:42 IST" name="validateText2" finished-at="2024-08-25T04:30:42 IST" duration-ms="120" status="PASS">
          <reporter-output>
          </reporter-output>
        </test-method> <!-- validateText2 -->
        <test-method signature="validateText3()[pri:4, instance:Tests.HomePage@1d119efb]" started-at="2024-08-25T04:30:42 IST" name="validateText3" finished-at="2024-08-25T04:30:42 IST" duration-ms="46" status="PASS">
          <reporter-output>
          </reporter-output>
        </test-method> <!-- validateText3 -->
        <test-method signature="validateText4()[pri:5, instance:Tests.HomePage@1d119efb]" started-at="2024-08-25T04:30:42 IST" name="validateText4" finished-at="2024-08-25T04:30:43 IST" duration-ms="47" status="PASS">
          <reporter-output>
          </reporter-output>
        </test-method> <!-- validateText4 -->
        <test-method is-config="true" signature="tearDown()[pri:0, instance:Tests.HomePage@1d119efb]" started-at="2024-08-25T04:30:43 IST" name="tearDown" finished-at="2024-08-25T04:30:43 IST" duration-ms="361" status="PASS">
          <reporter-output>
          </reporter-output>
        </test-method> <!-- tearDown -->
      </class> <!-- Tests.HomePage -->
    </test> <!-- ChromeTests -->
    <test started-at="2024-08-25T04:30:31 IST" name="EdgeTests" finished-at="2024-08-25T04:30:43 IST" duration-ms="12000">
      <class name="Tests.HomePage">
        <test-method is-config="true" signature="launchBrowser(java.lang.String)[pri:0, instance:Tests.HomePage@2145b572]" started-at="2024-08-25T04:30:31 IST" name="launchBrowser" finished-at="2024-08-25T04:30:42 IST" duration-ms="10444" status="PASS">
          <params>
            <param index="0">
              <value>
                <![CDATA[edge]]>
              </value>
            </param>
          </params>
          <reporter-output>
          </reporter-output>
        </test-method> <!-- launchBrowser -->
        <test-method signature="checkLogoExists()[pri:1, instance:Tests.HomePage@2145b572]" started-at="2024-08-25T04:30:42 IST" name="checkLogoExists" finished-at="2024-08-25T04:30:42 IST" duration-ms="93" status="PASS">
          <reporter-output>
          </reporter-output>
        </test-method> <!-- checkLogoExists -->
        <test-method signature="validateText1()[pri:2, instance:Tests.HomePage@2145b572]" started-at="2024-08-25T04:30:42 IST" name="validateText1" finished-at="2024-08-25T04:30:42 IST" duration-ms="55" status="PASS">
          <reporter-output>
          </reporter-output>
        </test-method> <!-- validateText1 -->
        <test-method signature="validateText2()[pri:3, instance:Tests.HomePage@2145b572]" started-at="2024-08-25T04:30:42 IST" name="validateText2" finished-at="2024-08-25T04:30:42 IST" duration-ms="37" status="PASS">
          <reporter-output>
          </reporter-output>
        </test-method> <!-- validateText2 -->
        <test-method signature="validateText3()[pri:4, instance:Tests.HomePage@2145b572]" started-at="2024-08-25T04:30:42 IST" name="validateText3" finished-at="2024-08-25T04:30:42 IST" duration-ms="30" status="PASS">
          <reporter-output>
          </reporter-output>
        </test-method> <!-- validateText3 -->
        <test-method signature="validateText4()[pri:5, instance:Tests.HomePage@2145b572]" started-at="2024-08-25T04:30:42 IST" name="validateText4" finished-at="2024-08-25T04:30:42 IST" duration-ms="32" status="PASS">
          <reporter-output>
          </reporter-output>
        </test-method> <!-- validateText4 -->
        <test-method is-config="true" signature="tearDown()[pri:0, instance:Tests.HomePage@2145b572]" started-at="2024-08-25T04:30:42 IST" name="tearDown" finished-at="2024-08-25T04:30:43 IST" duration-ms="1246" status="PASS">
          <reporter-output>
          </reporter-output>
        </test-method> <!-- tearDown -->
      </class> <!-- Tests.HomePage -->
    </test> <!-- EdgeTests -->
    <test started-at="2024-08-25T04:30:31 IST" name="FirefoxTests" finished-at="2024-08-25T04:30:47 IST" duration-ms="15368">
      <class name="Tests.HomePage">
        <test-method is-config="true" signature="launchBrowser(java.lang.String)[pri:0, instance:Tests.HomePage@4f209819]" started-at="2024-08-25T04:30:31 IST" name="launchBrowser" finished-at="2024-08-25T04:30:45 IST" duration-ms="14264" status="PASS">
          <params>
            <param index="0">
              <value>
                <![CDATA[firefox]]>
              </value>
            </param>
          </params>
          <reporter-output>
          </reporter-output>
        </test-method> <!-- launchBrowser -->
        <test-method signature="checkLogoExists()[pri:1, instance:Tests.HomePage@4f209819]" started-at="2024-08-25T04:30:45 IST" name="checkLogoExists" finished-at="2024-08-25T04:30:46 IST" duration-ms="49" status="PASS">
          <reporter-output>
          </reporter-output>
        </test-method> <!-- checkLogoExists -->
        <test-method signature="validateText1()[pri:2, instance:Tests.HomePage@4f209819]" started-at="2024-08-25T04:30:46 IST" name="validateText1" finished-at="2024-08-25T04:30:46 IST" duration-ms="29" status="PASS">
          <reporter-output>
          </reporter-output>
        </test-method> <!-- validateText1 -->
        <test-method signature="validateText2()[pri:3, instance:Tests.HomePage@4f209819]" started-at="2024-08-25T04:30:46 IST" name="validateText2" finished-at="2024-08-25T04:30:46 IST" duration-ms="22" status="PASS">
          <reporter-output>
          </reporter-output>
        </test-method> <!-- validateText2 -->
        <test-method signature="validateText3()[pri:4, instance:Tests.HomePage@4f209819]" started-at="2024-08-25T04:30:46 IST" name="validateText3" finished-at="2024-08-25T04:30:46 IST" duration-ms="21" status="PASS">
          <reporter-output>
          </reporter-output>
        </test-method> <!-- validateText3 -->
        <test-method signature="validateText4()[pri:5, instance:Tests.HomePage@4f209819]" started-at="2024-08-25T04:30:46 IST" name="validateText4" finished-at="2024-08-25T04:30:46 IST" duration-ms="19" status="PASS">
          <reporter-output>
          </reporter-output>
        </test-method> <!-- validateText4 -->
        <test-method is-config="true" signature="tearDown()[pri:0, instance:Tests.HomePage@4f209819]" started-at="2024-08-25T04:30:46 IST" name="tearDown" finished-at="2024-08-25T04:30:47 IST" duration-ms="925" status="PASS">
          <reporter-output>
          </reporter-output>
        </test-method> <!-- tearDown -->
      </class> <!-- Tests.HomePage -->
    </test> <!-- FirefoxTests -->
  </suite> <!-- Adstia_Testing_Suite -->
</testng-results>
