<?xml version="1.0" encoding="UTF-8"?>
<testng-results ignored="0" total="6" passed="6" failed="0" skipped="0">
  <reporter-output>
  </reporter-output>
  <suite started-at="2024-08-25T03:41:15 IST" name="Adstia_Testing_Suite" finished-at="2024-08-25T03:41:29 IST" duration-ms="14671">
    <groups>
    </groups>
    <test started-at="2024-08-25T03:41:15 IST" name="ChromeTests" finished-at="2024-08-25T03:41:22 IST" duration-ms="7866">
      <class name="Tests.HomePage">
        <test-method is-config="true" signature="launchBrowser(java.lang.String)[pri:0, instance:Tests.HomePage@4c9f8c13]" started-at="2024-08-25T03:41:15 IST" name="launchBrowser" finished-at="2024-08-25T03:41:22 IST" duration-ms="7497" status="PASS">
          <params>
            <param index="0">
              <value>
                <![CDATA[chrome]]>
              </value>
            </param>
          </params>
          <reporter-output>
          </reporter-output>
        </test-method> <!-- launchBrowser -->
        <test-method signature="checkLogoExists()[pri:1, instance:Tests.HomePage@4c9f8c13]" started-at="2024-08-25T03:41:22 IST" name="checkLogoExists" finished-at="2024-08-25T03:41:22 IST" duration-ms="63" status="PASS">
          <reporter-output>
          </reporter-output>
        </test-method> <!-- checkLogoExists -->
        <test-method signature="validateText1()[pri:2, instance:Tests.HomePage@4c9f8c13]" started-at="2024-08-25T03:41:22 IST" name="validateText1" finished-at="2024-08-25T03:41:22 IST" duration-ms="44" status="PASS">
          <reporter-output>
          </reporter-output>
        </test-method> <!-- validateText1 -->
        <test-method is-config="true" signature="tearDown()[pri:0, instance:Tests.HomePage@4c9f8c13]" started-at="2024-08-25T03:41:22 IST" name="tearDown" finished-at="2024-08-25T03:41:22 IST" duration-ms="194" status="PASS">
          <reporter-output>
          </reporter-output>
        </test-method> <!-- tearDown -->
      </class> <!-- Tests.HomePage -->
    </test> <!-- ChromeTests -->
    <test started-at="2024-08-25T03:41:15 IST" name="EdgeTests" finished-at="2024-08-25T03:41:24 IST" duration-ms="9105">
      <class name="Tests.HomePage">
        <test-method is-config="true" signature="launchBrowser(java.lang.String)[pri:0, instance:Tests.HomePage@481a996b]" started-at="2024-08-25T03:41:15 IST" name="launchBrowser" finished-at="2024-08-25T03:41:22 IST" duration-ms="7497" status="PASS">
          <params>
            <param index="0">
              <value>
                <![CDATA[edge]]>
              </value>
            </param>
          </params>
          <reporter-output>
          </reporter-output>
        </test-method> <!-- launchBrowser -->
        <test-method signature="checkLogoExists()[pri:1, instance:Tests.HomePage@481a996b]" started-at="2024-08-25T03:41:22 IST" name="checkLogoExists" finished-at="2024-08-25T03:41:22 IST" duration-ms="63" status="PASS">
          <reporter-output>
          </reporter-output>
        </test-method> <!-- checkLogoExists -->
        <test-method signature="validateText1()[pri:2, instance:Tests.HomePage@481a996b]" started-at="2024-08-25T03:41:22 IST" name="validateText1" finished-at="2024-08-25T03:41:22 IST" duration-ms="54" status="PASS">
          <reporter-output>
          </reporter-output>
        </test-method> <!-- validateText1 -->
        <test-method is-config="true" signature="tearDown()[pri:0, instance:Tests.HomePage@481a996b]" started-at="2024-08-25T03:41:22 IST" name="tearDown" finished-at="2024-08-25T03:41:24 IST" duration-ms="1429" status="PASS">
          <reporter-output>
          </reporter-output>
        </test-method> <!-- tearDown -->
      </class> <!-- Tests.HomePage -->
    </test> <!-- EdgeTests -->
    <test started-at="2024-08-25T03:41:15 IST" name="FirefoxTests" finished-at="2024-08-25T03:41:29 IST" duration-ms="14671">
      <class name="Tests.HomePage">
        <test-method is-config="true" signature="launchBrowser(java.lang.String)[pri:0, instance:Tests.HomePage@1cbbffcd]" started-at="2024-08-25T03:41:15 IST" name="launchBrowser" finished-at="2024-08-25T03:41:28 IST" duration-ms="13669" status="PASS">
          <params>
            <param index="0">
              <value>
                <![CDATA[firefox]]>
              </value>
            </param>
          </params>
          <reporter-output>
          </reporter-output>
        </test-method> <!-- launchBrowser -->
        <test-method signature="checkLogoExists()[pri:1, instance:Tests.HomePage@1cbbffcd]" started-at="2024-08-25T03:41:28 IST" name="checkLogoExists" finished-at="2024-08-25T03:41:28 IST" duration-ms="46" status="PASS">
          <reporter-output>
          </reporter-output>
        </test-method> <!-- checkLogoExists -->
        <test-method signature="validateText1()[pri:2, instance:Tests.HomePage@1cbbffcd]" started-at="2024-08-25T03:41:28 IST" name="validateText1" finished-at="2024-08-25T03:41:28 IST" duration-ms="28" status="PASS">
          <reporter-output>
          </reporter-output>
        </test-method> <!-- validateText1 -->
        <test-method is-config="true" signature="tearDown()[pri:0, instance:Tests.HomePage@1cbbffcd]" started-at="2024-08-25T03:41:28 IST" name="tearDown" finished-at="2024-08-25T03:41:29 IST" duration-ms="890" status="PASS">
          <reporter-output>
          </reporter-output>
        </test-method> <!-- tearDown -->
      </class> <!-- Tests.HomePage -->
    </test> <!-- FirefoxTests -->
  </suite> <!-- Adstia_Testing_Suite -->
</testng-results>
